<?xml version="1.0" encoding="UTF-8"?>
<!-- Generated by org.testng.reporters.JUnitXMLReporter -->
<testsuite hostname="Bharanis-MacBook-Air.local" ignored="0" name="Default test" tests="3" failures="0" timestamp="04 Sep 2018 19:43:49 GMT" time="10.122" errors="0">
  <testcase name="testBlankForItemCategory" time="1.141" classname="com.item.tests.SearchItemTest"/>
  <testcase name="testSearchForEmptyList" time="0.873" classname="com.item.tests.SearchItemTest"/>
  <testcase name="testSearchForResults" time="1.025" classname="com.item.tests.SearchItemTest"/>
</testsuite> <!-- Default test -->
