<?xml version="1.0" encoding="UTF-8"?>
<!-- Generated by org.testng.reporters.JUnitXMLReporter -->
<testsuite hostname="Bharanis-MacBook-Air.local" ignored="0" name="TestNgTest" tests="3" failures="0" timestamp="26 Aug 2018 22:12:51 GMT" time="8.92" errors="0">
  <testcase name="testBlankForItemCategory" time="0.804" classname="com.item.tests.SearchItemTest"/>
  <testcase name="testSearchForEmptyList" time="0.88" classname="com.item.tests.SearchItemTest"/>
  <testcase name="testSearchForResults" time="0.978" classname="com.item.tests.SearchItemTest"/>
</testsuite> <!-- TestNgTest -->
